  protoctest.cpp
D:\我的文件\Documents\Visual Studio 2015\Projects\protoc2\protoc2\src\google/protobuf/map_type_handler.h(432): warning C4800: “google::protobuf::uint32”: 将值强制为布尔值“true”或“false”(性能警告)
protoctest.cpp(85): warning C4244: “=”: 从“float”转换到“int”，可能丢失数据
protoctest.cpp(86): warning C4244: “=”: 从“float”转换到“int”，可能丢失数据
protoctest.cpp(88): warning C4244: “=”: 从“float”转换到“int”，可能丢失数据
protoctest.cpp(89): warning C4244: “=”: 从“float”转换到“int”，可能丢失数据
protoctest.cpp(178): warning C4244: “参数”: 从“int”转换到“float”，可能丢失数据
protoctest.cpp(179): warning C4244: “参数”: 从“int”转换到“float”，可能丢失数据
protoctest.cpp(182): warning C4244: “参数”: 从“int”转换到“float”，可能丢失数据
protoctest.cpp(183): warning C4244: “参数”: 从“int”转换到“float”，可能丢失数据
protoctest.cpp(189): warning C4267: “参数”: 从“size_t”转换到“int”，可能丢失数据
protoctest.cpp(215): warning C4305: “=”: 从“double”到“float”截断
protoctest.cpp(217): warning C4305: “=”: 从“double”到“float”截断
protoctest.cpp(218): warning C4305: “=”: 从“double”到“float”截断
protoctest.cpp(227): warning C4244: “=”: 从“double”转换到“int”，可能丢失数据
protoctest.cpp(228): warning C4244: “=”: 从“double”转换到“int”，可能丢失数据
protoctest.cpp(229): warning C4244: “=”: 从“double”转换到“int”，可能丢失数据
protoctest.cpp(230): warning C4244: “=”: 从“double”转换到“int”，可能丢失数据
protoctest.cpp(234): warning C4244: “=”: 从“double”转换到“int”，可能丢失数据
protoctest.cpp(235): warning C4244: “=”: 从“double”转换到“int”，可能丢失数据
protoctest.cpp(236): warning C4244: “=”: 从“double”转换到“int”，可能丢失数据
protoctest.cpp(237): warning C4244: “=”: 从“double”转换到“int”，可能丢失数据
  正在生成代码
  59 of 1398 functions ( 4.2%) were compiled, the rest were copied from previous compilation.
    0 functions were new in current compilation
    20 functions had inline decision re-evaluated but remain unchanged
  已完成代码的生成
  protoc2.vcxproj -> D:\我的文件\Documents\Visual Studio 2015\Projects\protoc2\x64\Release\protoc2.exe
  protoc2.vcxproj -> D:\我的文件\Documents\Visual Studio 2015\Projects\protoc2\x64\Release\protoc2.pdb (Full PDB)
